  main.cpp
C:\Users\yagmu\source\repos\Brick Breaker\main.cpp(17,33): warning C4305: 'initializing': truncation from 'double' to 'GLfloat'
C:\Users\yagmu\source\repos\Brick Breaker\main.cpp(18,33): warning C4305: 'initializing': truncation from 'double' to 'GLfloat'
C:\Users\yagmu\source\repos\Brick Breaker\main.cpp(92,13): warning C4244: '=': conversion from 'GLint' to 'GLfloat', possible loss of data
C:\Users\yagmu\source\repos\Brick Breaker\main.cpp(93,14): warning C4244: '=': conversion from 'GLint' to 'GLfloat', possible loss of data
C:\Users\yagmu\source\repos\Brick Breaker\main.cpp(155,45): warning C4244: 'argument': conversion from 'double' to 'GLfloat', possible loss of data
C:\Users\yagmu\source\repos\Brick Breaker\main.cpp(220,21): warning C4305: 'argument': truncation from 'double' to 'GLfloat'
C:\Users\yagmu\source\repos\Brick Breaker\main.cpp(228,21): warning C4305: 'argument': truncation from 'double' to 'GLfloat'
C:\Users\yagmu\source\repos\Brick Breaker\main.cpp(236,21): warning C4305: 'argument': truncation from 'double' to 'GLfloat'
C:\Users\yagmu\source\repos\Brick Breaker\main.cpp(244,23): warning C4305: 'argument': truncation from 'double' to 'GLfloat'
C:\Users\yagmu\source\repos\Brick Breaker\main.cpp(252,25): warning C4305: 'argument': truncation from 'double' to 'GLfloat'
C:\Users\yagmu\source\repos\Brick Breaker\main.cpp(362,21): warning C4305: '=': truncation from 'double' to 'GLfloat'
C:\Users\yagmu\source\repos\Brick Breaker\main.cpp(363,21): warning C4305: '=': truncation from 'double' to 'GLfloat'
C:\Users\yagmu\source\repos\Brick Breaker\main.cpp(393,18): warning C4244: 'initializing': conversion from 'double' to 'GLfloat', possible loss of data
C:\Users\yagmu\source\repos\Brick Breaker\main.cpp(394,18): warning C4244: 'initializing': conversion from 'double' to 'GLfloat', possible loss of data
C:\Users\yagmu\source\repos\Brick Breaker\main.cpp(423,36): warning C4244: '=': conversion from 'double' to 'GLfloat', possible loss of data
C:\Users\yagmu\source\repos\Brick Breaker\main.cpp(436,36): warning C4244: '=': conversion from 'double' to 'GLfloat', possible loss of data
C:\Users\yagmu\source\repos\Brick Breaker\main.cpp(450,19): warning C4305: '=': truncation from 'double' to 'GLfloat'
C:\Users\yagmu\source\repos\Brick Breaker\main.cpp(451,19): warning C4305: '=': truncation from 'double' to 'GLfloat'
  Brick Breaker.vcxproj -> C:\Users\yagmu\source\repos\Brick Breaker\x64\Debug\Brick Breaker.exe
